<?xml version="1.0" encoding="UTF-8"?>
<!-- Generated by org.testng.reporters.JUnitReportReporter -->
<testsuite hostname="DESKTOP-CIK4HLH" failures="0" tests="1" name="Tests.RecruitmentPageTest" time="1.775" errors="0" timestamp="2024-03-22T14:56:37 IST" skipped="0">
  <testcase classname="Tests.RecruitmentPageTest" name="verifyClickOnRecruitmentPage" time="1.775"/>
  <system-out/>
</testsuite> <!-- Tests.RecruitmentPageTest -->
