<?xml version="1.0" encoding="UTF-8"?>
<!-- Generated by org.testng.reporters.JUnitReportReporter -->
<testsuite hostname="DESKTOP-CIK4HLH" failures="0" tests="1" name="Tests.LeavePageTest" time="2.017" errors="0" timestamp="2024-03-21T16:37:24 IST" skipped="0">
  <testcase classname="Tests.LeavePageTest" name="VerifyClickOnLeavePage" time="2.017"/>
  <system-out/>
</testsuite> <!-- Tests.LeavePageTest -->
