<?xml version="1.0" encoding="UTF-8"?>
<!-- Generated by org.testng.reporters.JUnitReportReporter -->
<testsuite hostname="DESKTOP-CIK4HLH" failures="0" tests="1" name="TestNGPractice.Demo" time="0.015" errors="0" timestamp="2024-02-12T16:04:59 IST" skipped="0">
  <testcase classname="TestNGPractice.Demo" name="beforeSuite" time="0.015"/>
  <system-out/>
</testsuite> <!-- TestNGPractice.Demo -->
