<?xml version="1.0" encoding="UTF-8"?>
<!-- Generated by org.testng.reporters.JUnitReportReporter -->
<testsuite hostname="DESKTOP-CIK4HLH" failures="0" tests="1" name="Tests.ClaimPageTest" time="2.064" errors="0" timestamp="2024-03-25T10:06:04 IST" skipped="0">
  <testcase classname="Tests.ClaimPageTest" name="verifyClickOnClaimPage" time="2.064"/>
  <system-out/>
</testsuite> <!-- Tests.ClaimPageTest -->
