<?xml version="1.0" encoding="UTF-8"?>
<!-- Generated by org.testng.reporters.JUnitReportReporter -->
<testsuite hostname="DESKTOP-CIK4HLH" failures="0" tests="1" name="Tests.TimePageTest" time="2.010" errors="0" timestamp="2024-03-28T11:34:54 IST" skipped="0">
  <testcase classname="Tests.TimePageTest" name="VerifyClickOnTimePage" time="2.010"/>
  <system-out/>
</testsuite> <!-- Tests.TimePageTest -->
