<?xml version="1.0" encoding="UTF-8"?>
<!-- Generated by org.testng.reporters.JUnitReportReporter -->
<testsuite hostname="DESKTOP-CIK4HLH" failures="0" tests="1" name="Tests.LoginTest" time="2.548" errors="0" timestamp="2024-04-01T12:46:58 IST" skipped="0">
  <testcase classname="Tests.LoginTest" name="verifyloginSetup" time="2.548"/>
  <system-out/>
</testsuite> <!-- Tests.LoginTest -->
