<?xml version="1.0" encoding="UTF-8"?>
<!-- Generated by org.testng.reporters.JUnitReportReporter -->
<testsuite hostname="DESKTOP-CIK4HLH" failures="0" tests="1" name="Tests.BuzzTest" time="1.832" errors="0" timestamp="2024-03-25T12:42:26 IST" skipped="0">
  <testcase classname="Tests.BuzzTest" name="verifyClickOnBuzzPage" time="1.832"/>
  <system-out/>
</testsuite> <!-- Tests.BuzzTest -->
