<?xml version="1.0" encoding="UTF-8"?>
<!-- Generated by org.testng.reporters.JUnitReportReporter -->
<testsuite hostname="DESKTOP-CIK4HLH" failures="0" tests="1" name="Tests.HomePageTest" time="3.006" errors="0" timestamp="2024-03-21T11:18:53 IST" skipped="0">
  <testcase classname="Tests.HomePageTest" name="verifyAdminPageText" time="3.006"/>
  <system-out/>
</testsuite> <!-- Tests.HomePageTest -->
