<?xml version="1.0" encoding="UTF-8"?>
<!-- Generated by org.testng.reporters.JUnitReportReporter -->
<testsuite hostname="DESKTOP-CIK4HLH" failures="0" tests="1" name="Tests.AdminPageTest" time="1.806" errors="0" timestamp="2024-03-21T16:03:24 IST" skipped="0">
  <testcase classname="Tests.AdminPageTest" name="verifyAdminPageText" time="1.806"/>
  <system-out/>
</testsuite> <!-- Tests.AdminPageTest -->
