<?xml version="1.0" encoding="UTF-8"?>
<!-- Generated by org.testng.reporters.JUnitReportReporter -->
<testsuite hostname="DESKTOP-CIK4HLH" failures="0" tests="1" name="Tests.MaintenanceTest" time="2.216" errors="0" timestamp="2024-03-31T08:28:17 IST" skipped="0">
  <testcase classname="Tests.MaintenanceTest" name="verifyClickOnMaintenancePage" time="2.216"/>
  <system-out/>
</testsuite> <!-- Tests.MaintenanceTest -->
