<?xml version="1.0" encoding="UTF-8"?>
<!-- Generated by org.testng.reporters.JUnitReportReporter -->
<testsuite hostname="DESKTOP-CIK4HLH" failures="0" tests="1" name="Tests.DashboardTest" time="2.190" errors="0" timestamp="2024-03-22T16:00:19 IST" skipped="0">
  <testcase classname="Tests.DashboardTest" name="verifyClickOnDp" time="2.190"/>
  <system-out/>
</testsuite> <!-- Tests.DashboardTest -->
