<?xml version="1.0" encoding="UTF-8"?>
<!-- Generated by org.testng.reporters.JUnitReportReporter -->
<testsuite hostname="DESKTOP-CIK4HLH" failures="0" tests="1" name="Tests.MyInfoPageTest" time="2.659" errors="0" timestamp="2024-03-22T15:19:36 IST" skipped="0">
  <testcase classname="Tests.MyInfoPageTest" name="verifyClickOnMyInfoPage" time="2.659"/>
  <system-out/>
</testsuite> <!-- Tests.MyInfoPageTest -->
