<?xml version="1.0" encoding="UTF-8"?>
<!-- Generated by org.testng.reporters.JUnitReportReporter -->
<testsuite hostname="DESKTOP-CIK4HLH" failures="0" tests="1" name="Tests.DashboardTest" time="1.462" errors="0" timestamp="2024-03-25T09:13:58 IST" skipped="0">
  <testcase classname="Tests.DashboardTest" name="verifyClickOnDp" time="1.462"/>
  <system-out/>
</testsuite> <!-- Tests.DashboardTest -->
