<?xml version="1.0" encoding="UTF-8"?>
<!-- Generated by org.testng.reporters.JUnitReportReporter -->
<testsuite hostname="DESKTOP-CIK4HLH" failures="0" tests="1" name="Tests.PerformancePageTest" time="1.828" errors="0" timestamp="2024-03-22T15:41:17 IST" skipped="0">
  <testcase classname="Tests.PerformancePageTest" name="verifyClickOnPp" time="1.828"/>
  <system-out/>
</testsuite> <!-- Tests.PerformancePageTest -->
