<?xml version="1.0" encoding="UTF-8"?>
<!-- Generated by org.testng.reporters.JUnitReportReporter -->
<testsuite hostname="DESKTOP-CIK4HLH" failures="0" tests="1" name="Tests.PimPageTest" time="2.179" errors="0" timestamp="2024-03-21T16:11:38 IST" skipped="0">
  <testcase classname="Tests.PimPageTest" name="verifyClickOnPim" time="2.179"/>
  <system-out/>
</testsuite> <!-- Tests.PimPageTest -->
