<?xml version="1.0" encoding="UTF-8"?>
<!-- Generated by org.testng.reporters.JUnitReportReporter -->
<testsuite hostname="DESKTOP-CIK4HLH" failures="0" tests="1" name="Tests.LoginTest" time="2.499" errors="0" timestamp="2024-03-21T13:25:04 IST" skipped="0">
  <testcase classname="Tests.LoginTest" name="verifyloginSetup" time="2.499"/>
  <system-out/>
</testsuite> <!-- Tests.LoginTest -->
