<?xml version="1.0" encoding="UTF-8"?>
<!-- Generated by org.testng.reporters.JUnitReportReporter -->
<testsuite hostname="DESKTOP-CIK4HLH" failures="0" tests="1" name="Tests.DirectoryPageText" time="1.453" errors="0" timestamp="2024-03-25T09:34:57 IST" skipped="0">
  <testcase classname="Tests.DirectoryPageText" name="verifyClickOnDirectoryPage" time="1.453"/>
  <system-out/>
</testsuite> <!-- Tests.DirectoryPageText -->
