<?xml version="1.0" encoding="UTF-8"?>
<!-- Generated by org.testng.reporters.JUnitReportReporter -->
<testsuite hostname="DESKTOP-CIK4HLH" failures="0" tests="1" name="Tests.AdminPageTest" time="7.401" errors="0" timestamp="2024-04-01T15:22:31 IST" skipped="0">
  <testcase classname="Tests.AdminPageTest" name="verifySearchSystemUsers" time="7.401"/>
  <system-out/>
</testsuite> <!-- Tests.AdminPageTest -->
